2021-05-03 17:59:50 [Information] Пользователь 1 вошел в сеть.
2021-05-03 17:59:51 [Information] Пользователь 1 начал просмотр информации на форме "Учителя".
2021-05-03 18:00:10 [Information] Пользователь 1 начал просмотр информации на форме "Учителя".
2021-05-03 18:00:28 [Information] Пользователь 1 вышел из сети.
2021-05-03 18:02:58 [Information] Пользователь 1 вошел в сеть.
2021-05-03 18:02:59 [Information] Пользователь 1 начал просмотр информации на форме "Учителя".
2021-05-03 18:03:06 [Information] Пользователь 1 вышел из сети.
2021-05-03 18:03:13 [Information] Пользователь 1 вошел в сеть.
2021-05-03 18:03:15 [Information] Пользователь 1 начал просмотр информации на форме "Учителя".
2021-05-03 18:03:23 [Information] Пользователь 1 вышел из сети.
2021-05-03 18:03:43 [Information] Пользователь 1 вошел в сеть.
2021-05-03 18:03:43 [Information] Пользователь 1 начал просмотр информации на форме "Учителя".
2021-05-03 18:03:51 [Information] Пользователь 1 вышел из сети.
2021-05-03 18:05:44 [Information] Пользователь 1 вошел в сеть.
2021-05-03 18:05:49 [Information] Пользователь 1 начал просмотр информации на форме "Учащиеся".
2021-05-03 18:05:51 [Information] Пользователь 1 начал просмотр информации на форме "Учителя".
2021-05-03 18:06:12 [Information] Пользователь 1 вышел из сети.
2021-05-03 18:06:53 [Information] Пользователь 1 вошел в сеть.
2021-05-03 18:06:54 [Information] Пользователь 1 начал просмотр информации на форме "Учителя".
2021-05-03 18:07:05 [Information] Пользователь 1 вышел из сети.
2021-05-03 18:07:23 [Information] Пользователь 1 вошел в сеть.
2021-05-03 18:07:24 [Information] Пользователь 1 начал просмотр информации на форме "Учителя".
2021-05-03 18:07:31 [Information] Пользователь 1 вышел из сети.
2021-05-03 18:11:03 [Information] Пользователь 1 вошел в сеть.
2021-05-03 18:11:04 [Information] Пользователь 1 начал просмотр информации на форме "Учителя".
2021-05-03 18:11:15 [Information] Пользователь 1 вышел из сети.
2021-05-03 18:11:49 [Information] Пользователь 1 вошел в сеть.
2021-05-03 18:11:50 [Information] Пользователь 1 начал просмотр информации на форме "Учителя".
2021-05-03 18:12:07 [Information] Пользователь 1 вышел из сети.
2021-05-03 18:13:37 [Information] Пользователь 1 вошел в сеть.
2021-05-03 18:13:39 [Information] Пользователь 1 начал просмотр информации на форме "Учителя".
2021-05-03 18:13:56 [Information] Пользователь 1 вышел из сети.
2021-05-03 18:14:51 [Information] Пользователь 1 вошел в сеть.
2021-05-03 18:14:51 [Information] Пользователь 1 начал просмотр информации на форме "Учащиеся".
2021-05-03 18:14:54 [Information] Пользователь 1 начал просмотр информации на форме "Учителя".
2021-05-03 18:15:07 [Information] Пользователь 1 вышел из сети.
2021-05-03 18:15:36 [Information] Пользователь 1 вошел в сеть.
2021-05-03 18:15:39 [Information] Пользователь 1 начал просмотр информации на форме "Учителя".
2021-05-03 18:15:59 [Information] Пользователь 1 вышел из сети.
2021-05-03 18:16:52 [Information] Пользователь 1 вошел в сеть.
2021-05-03 18:16:53 [Information] Пользователь 1 начал просмотр информации на форме "Учителя".
2021-05-03 18:17:20 [Information] Пользователь 1 вышел из сети.
2021-05-03 18:21:01 [Information] Пользователь 1 вошел в сеть.
2021-05-03 18:21:02 [Information] Пользователь 1 начал просмотр информации на форме "Учителя".
2021-05-03 18:21:16 [Information] Пользователь 1 вышел из сети.
2021-05-03 18:24:25 [Information] Пользователь 1 вошел в сеть.
2021-05-03 18:24:26 [Information] Пользователь 1 начал просмотр информации на форме "Учителя".
2021-05-03 18:24:37 [Information] Пользователь 1 вышел из сети.
2021-05-03 18:24:55 [Information] Пользователь 1 вошел в сеть.
2021-05-03 18:24:56 [Information] Пользователь 1 начал просмотр информации на форме "Учителя".
2021-05-03 18:25:04 [Information] Пользователь 1 вышел из сети.
2021-05-03 18:28:16 [Information] Пользователь 1 вошел в сеть.
2021-05-03 18:28:17 [Information] Пользователь 1 начал просмотр информации на форме "Учителя".
2021-05-03 18:28:35 [Information] Пользователь 1 вышел из сети.
2021-05-03 18:29:09 [Information] Пользователь 1 вошел в сеть.
2021-05-03 18:29:10 [Information] Пользователь 1 начал просмотр информации на форме "Учителя".
2021-05-03 18:29:20 [Information] Пользователь 1 вышел из сети.
2021-05-03 18:29:53 [Information] Пользователь 1 вошел в сеть.
2021-05-03 18:29:54 [Information] Пользователь 1 начал просмотр информации на форме "Учителя".
2021-05-03 18:30:05 [Information] Пользователь 1 вышел из сети.
2021-05-03 18:30:26 [Information] Пользователь 1 вошел в сеть.
2021-05-03 18:30:26 [Information] Пользователь 1 начал просмотр информации на форме "Учителя".
2021-05-03 18:30:38 [Information] Пользователь 1 вышел из сети.
2021-05-03 18:30:48 [Information] Пользователь 1 вошел в сеть.
2021-05-03 18:30:50 [Information] Пользователь 1 начал просмотр информации на форме "Учителя".
2021-05-03 18:31:03 [Information] Пользователь 1 вышел из сети.
2021-05-03 18:31:26 [Information] Пользователь 1 вошел в сеть.
2021-05-03 18:31:27 [Information] Пользователь 1 начал просмотр информации на форме "Учителя".
2021-05-03 18:31:44 [Information] Пользователь 1 вышел из сети.
2021-05-03 18:32:10 [Information] Пользователь 1 вошел в сеть.
2021-05-03 18:32:11 [Information] Пользователь 1 начал просмотр информации на форме "Учителя".
2021-05-03 18:32:28 [Information] Пользователь 1 вышел из сети.
2021-05-03 18:32:41 [Information] Пользователь 1 вошел в сеть.
2021-05-03 18:32:41 [Information] Пользователь 1 начал просмотр информации на форме "Учителя".
2021-05-03 18:32:57 [Information] Пользователь 1 вышел из сети.
2021-05-03 18:39:27 [Information] Пользователь 1 вошел в сеть.
2021-05-03 18:39:28 [Information] Пользователь 1 начал просмотр информации на форме "Учителя".
2021-05-03 18:39:48 [Information] Пользователь 1 вышел из сети.
2021-05-03 18:40:06 [Information] Пользователь 1 вошел в сеть.
2021-05-03 18:40:07 [Information] Пользователь 1 начал просмотр информации на форме "Учителя".
2021-05-03 18:40:21 [Information] Пользователь 1 вышел из сети.
2021-05-03 18:42:26 [Information] Пользователь 1 вошел в сеть.
2021-05-03 18:42:27 [Information] Пользователь 1 начал просмотр информации на форме "Учителя".
2021-05-03 18:42:49 [Information] Пользователь 1 вышел из сети.
2021-05-03 18:43:14 [Information] Пользователь 1 вошел в сеть.
2021-05-03 18:43:15 [Information] Пользователь 1 начал просмотр информации на форме "Учителя".
2021-05-03 18:43:27 [Information] Пользователь 1 вышел из сети.
2021-05-03 18:44:36 [Information] Пользователь 1 вошел в сеть.
2021-05-03 18:44:37 [Information] Пользователь 1 начал просмотр информации на форме "Учителя".
2021-05-03 18:44:45 [Information] Пользователь 1 вышел из сети.
2021-05-03 18:45:06 [Information] Пользователь 1 вошел в сеть.
2021-05-03 18:45:06 [Information] Пользователь 1 начал просмотр информации на форме "Учителя".
2021-05-03 18:45:16 [Information] Пользователь 1 вышел из сети.
2021-05-03 18:45:39 [Information] Пользователь 1 вошел в сеть.
2021-05-03 18:45:40 [Information] Пользователь 1 начал просмотр информации на форме "Учителя".
2021-05-03 18:46:06 [Information] Пользователь 1 вышел из сети.
2021-05-03 18:46:58 [Information] Пользователь 1 вошел в сеть.
2021-05-03 18:46:58 [Information] Пользователь 1 начал просмотр информации на форме "Учителя".
2021-05-03 18:47:09 [Information] Пользователь 1 вышел из сети.
2021-05-03 18:47:31 [Information] Пользователь 1 вошел в сеть.
2021-05-03 18:47:31 [Information] Пользователь 1 начал просмотр информации на форме "Учителя".
2021-05-03 18:47:51 [Information] Пользователь 1 вышел из сети.
2021-05-03 18:48:11 [Information] Пользователь 1 вошел в сеть.
2021-05-03 18:48:11 [Information] Пользователь 1 начал просмотр информации на форме "Учителя".
2021-05-03 18:49:16 [Information] Пользователь 1 вышел из сети.
2021-05-03 18:50:35 [Information] Пользователь 1 вошел в сеть.
2021-05-03 18:50:35 [Information] Пользователь 1 начал просмотр информации на форме "Учителя".
2021-05-03 18:50:45 [Information] Пользователь 1 вышел из сети.
2021-05-03 18:51:21 [Information] Пользователь 1 вошел в сеть.
2021-05-03 18:51:22 [Information] Пользователь 1 начал просмотр информации на форме "Учителя".
2021-05-03 18:51:27 [Information] Пользователь 1 вышел из сети.
2021-05-03 18:52:22 [Information] Пользователь 1 вошел в сеть.
2021-05-03 18:52:22 [Information] Пользователь 1 начал просмотр информации на форме "Учителя".
2021-05-03 18:52:28 [Information] Пользователь 1 вышел из сети.
2021-05-03 18:52:37 [Information] Пользователь 1 вошел в сеть.
2021-05-03 18:52:38 [Information] Пользователь 1 начал просмотр информации на форме "Учителя".
2021-05-03 18:57:52 [Information] Пользователь 1 отредактировал запись 5.Подлужный Станислав Олегович .
2021-05-03 18:58:03 [Information] Пользователь 1 вышел из сети.
2021-05-03 19:10:11 [Information] Пользователь 1 вошел в сеть.
2021-05-03 19:10:12 [Information] Пользователь 1 начал просмотр информации на форме "Учащиеся".
2021-05-03 19:11:23 [Information] Пользователь 1 вышел из сети.
2021-05-03 19:11:55 [Information] Пользователь 1 вошел в сеть.
2021-05-03 19:11:56 [Information] Пользователь 1 начал просмотр информации на форме "Учителя".
2021-05-03 19:12:00 [Information] Пользователь 1 начал просмотр информации на форме "Учащиеся".
2021-05-03 19:12:06 [Information] Пользователь 1 вышел из сети.
2021-05-03 19:13:48 [Information] Пользователь 1 вошел в сеть.
2021-05-03 19:13:48 [Information] Пользователь 1 начал просмотр информации на форме "Учителя".
2021-05-03 19:13:57 [Information] Пользователь 1 вышел из сети.
2021-05-03 19:14:55 [Information] Пользователь 1 вошел в сеть.
2021-05-03 19:14:56 [Information] Пользователь 1 начал просмотр информации на форме "Учителя".
2021-05-03 19:15:01 [Information] Пользователь 1 вышел из сети.
