2021-04-23 20:21:48 [Information] Пользователь test2 вошел в сеть.
2021-04-23 20:21:49 [Information] Пользователь test2 начал просмотр информации на форме "События".
2021-04-23 20:22:05 [Information] Пользователь test2 начал просмотр информации на форме "Задачи".
2021-04-23 20:22:23 [Information] Пользователь test2 вышел из сети.
2021-04-23 21:07:39 [Information] Пользователь 1 вошел в сеть.
2021-04-23 21:07:40 [Information] Пользователь 1 начал просмотр информации на форме "Учителя".
2021-04-23 21:07:42 [Information] Пользователь 1 вышел из сети.
2021-04-25 19:01:49 [Information] Пользователь 1 вошел в сеть.
2021-04-25 19:01:52 [Information] Пользователь 1 начал просмотр информации на форме "Учащиеся".
2021-04-25 19:01:58 [Information] Пользователь 1 начал просмотр информации на форме "Учителя".
2021-04-25 19:02:04 [Information] Пользователь 1 начал просмотр информации на форме "События".
2021-04-25 19:02:10 [Information] Пользователь 1 начал просмотр информации на форме "Задачи".
2021-04-25 19:02:26 [Information] Пользователь 1 вышел из сети.
2021-04-25 19:54:39 [Information] Пользователь 1 вошел в сеть.
2021-04-25 19:55:06 [Information] Пользователь 1 вышел из сети.
2021-04-26 14:15:49 [Information] Пользователь 1 вошел в сеть.
2021-04-26 14:15:52 [Information] Пользователь 1 начал просмотр информации на форме "Учащиеся".
2021-04-26 14:27:11 [Information] Пользователь 1 начал просмотр информации на форме "Учителя".
2021-04-26 14:30:04 [Information] Пользователь 1 начал просмотр информации на форме "События".
2021-04-26 14:31:38 [Information] Пользователь 1 начал просмотр информации на форме "События".
2021-04-26 14:32:56 [Information] Пользователь 1 начал просмотр информации на форме "Задачи".
2021-04-26 14:47:46 [Information] Пользователь 1 начал просмотр информации на форме "Задачи".
2021-04-26 14:49:11 [Information] Пользователь 1 начал просмотр информации на форме "Учащиеся".
2021-04-26 15:07:27 [Information] Пользователь 1 начал просмотр информации на форме "Учителя".
2021-04-26 15:25:50 [Information] Пользователь 1 начал просмотр информации на форме "События".
2021-04-26 15:26:32 [Information] Пользователь 1 начал просмотр информации на форме "События".
2021-04-26 15:26:36 [Information] Пользователь 1 начал просмотр информации на форме "Задачи".
2021-04-26 15:26:47 [Information] Пользователь 1 начал просмотр информации на форме "События".
2021-04-26 15:26:56 [Information] Пользователь 1 вышел из сети.
2021-04-26 15:30:17 [Information] Пользователь 1 вошел в сеть.
2021-04-26 15:30:18 [Information] Пользователь 1 начал просмотр информации на форме "События".
2021-04-26 15:30:29 [Information] Пользователь 1 вышел из сети.
2021-04-26 15:31:32 [Information] Пользователь 1 вошел в сеть.
2021-04-26 15:31:33 [Information] Пользователь 1 начал просмотр информации на форме "События".
2021-04-26 15:31:44 [Information] Пользователь 1 начал просмотр информации на форме "Задачи".
2021-04-26 15:31:53 [Information] Пользователь 1 вышел из сети.
2021-04-26 15:34:11 [Information] Пользователь 1 вошел в сеть.
2021-04-26 15:34:12 [Information] Пользователь 1 начал просмотр информации на форме "События".
2021-04-26 15:34:26 [Information] Пользователь 1 начал просмотр информации на форме "Задачи".
2021-04-26 15:34:31 [Information] Пользователь 1 вышел из сети.
2021-04-26 17:05:23 [Information] Пользователь 1 вошел в сеть.
2021-04-26 17:05:26 [Information] Пользователь 1 начал просмотр информации на форме "События".
2021-04-26 17:05:33 [Information] Пользователь 1 начал просмотр информации на форме "Задачи".
2021-04-26 17:07:18 [Information] Пользователь 1 вышел из сети.
2021-04-26 17:32:22 [Information] Пользователь 1 вошел в сеть.
2021-04-26 17:32:23 [Information] Пользователь 1 начал просмотр информации на форме "Учащиеся".
2021-04-26 17:32:25 [Information] Пользователь 1 начал просмотр информации на форме "Учителя".
2021-04-26 17:32:28 [Information] Пользователь 1 начал просмотр информации на форме "События".
2021-04-26 17:32:30 [Information] Пользователь 1 начал просмотр информации на форме "Задачи".
2021-04-26 17:32:31 [Information] Пользователь 1 вышел из сети.
2021-04-26 17:39:47 [Information] Пользователь 1 вошел в сеть.
2021-04-26 17:39:48 [Information] Пользователь 1 начал просмотр информации на форме "События".
2021-04-26 17:39:51 [Information] Пользователь 1 вышел из сети.
2021-04-26 17:42:32 [Information] Пользователь 1 вошел в сеть.
2021-04-26 17:42:34 [Information] Пользователь 1 начал просмотр информации на форме "Учителя".
2021-04-26 17:42:57 [Information] Пользователь 1 вышел из сети.
2021-04-26 17:43:04 [Information] Пользователь 1 вошел в сеть.
2021-04-26 17:43:05 [Information] Пользователь 1 начал просмотр информации на форме "Учителя".
2021-04-26 17:43:16 [Information] Пользователь 1 создал таблицу "Заявка на курсы".
2021-04-26 17:43:46 [Information] Пользователь 1 вышел из сети.
2021-04-28 14:36:27 [Information] Пользователь 1 вошел в сеть.
2021-04-28 14:36:29 [Information] Пользователь 1 начал просмотр информации на форме "Учителя".
2021-04-28 14:36:35 [Information] Пользователь 1 вышел из сети.
2021-04-28 14:46:52 [Information] Пользователь 1 вошел в сеть.
2021-04-28 14:46:53 [Information] Пользователь 1 начал просмотр информации на форме "Учителя".
2021-04-28 14:47:10 [Information] Пользователь 1 вышел из сети.
2021-04-28 14:47:31 [Information] Пользователь 1 вошел в сеть.
2021-04-28 14:47:32 [Information] Пользователь 1 начал просмотр информации на форме "Учителя".
2021-04-28 14:47:43 [Information] Пользователь 1 вышел из сети.
2021-04-28 14:48:26 [Information] Пользователь 1 вошел в сеть.
2021-04-28 14:48:27 [Information] Пользователь 1 начал просмотр информации на форме "Учителя".
2021-04-28 14:48:37 [Information] Пользователь 1 вышел из сети.
2021-04-28 14:48:57 [Information] Пользователь 1 вошел в сеть.
2021-04-28 14:48:58 [Information] Пользователь 1 начал просмотр информации на форме "Учителя".
2021-04-28 14:49:41 [Information] Пользователь 1 вышел из сети.
2021-04-28 14:53:02 [Information] Пользователь 1 вошел в сеть.
2021-04-28 14:53:03 [Information] Пользователь 1 начал просмотр информации на форме "Учителя".
2021-04-28 14:55:24 [Information] Пользователь 1 вышел из сети.
2021-04-28 14:55:31 [Information] Пользователь 1 вошел в сеть.
2021-04-28 14:55:33 [Information] Пользователь 1 начал просмотр информации на форме "Учителя".
2021-04-28 14:57:00 [Information] Пользователь 1 добавил запись 8. Апывпыы Апавп Араарар
2021-04-28 14:58:24 [Information] Пользователь 1 вышел из сети.
2021-04-28 15:07:26 [Information] Пользователь 1 вошел в сеть.
2021-04-28 15:07:27 [Information] Пользователь 1 начал просмотр информации на форме "Учителя".
2021-04-28 15:07:34 [Information] Пользователь 1 вышел из сети.
2021-04-28 15:07:46 [Information] Пользователь 1 вошел в сеть.
2021-04-28 15:07:47 [Information] Пользователь 1 начал просмотр информации на форме "Учителя".
2021-04-28 15:08:01 [Information] Пользователь 1 вышел из сети.
2021-04-28 15:08:15 [Information] Пользователь 1 вошел в сеть.
2021-04-28 15:08:21 [Information] Пользователь 1 начал просмотр информации на форме "Учителя".
2021-04-28 15:08:27 [Information] Пользователь 1 вышел из сети.
2021-04-28 15:08:33 [Information] Пользователь 1 вошел в сеть.
2021-04-28 15:08:34 [Information] Пользователь 1 начал просмотр информации на форме "Учителя".
2021-04-28 15:08:37 [Information] Пользователь 1 вышел из сети.
2021-04-28 15:09:00 [Information] Пользователь 1 вошел в сеть.
2021-04-28 15:09:01 [Information] Пользователь 1 начал просмотр информации на форме "Учителя".
2021-04-28 15:09:14 [Information] Пользователь 1 вышел из сети.
2021-04-28 15:10:00 [Information] Пользователь 1 вошел в сеть.
2021-04-28 15:10:01 [Information] Пользователь 1 начал просмотр информации на форме "Учителя".
2021-04-28 15:12:42 [Information] Пользователь 1 вышел из сети.
2021-04-28 15:12:46 [Information] Пользователь 1 вошел в сеть.
2021-04-28 15:12:47 [Information] Пользователь 1 начал просмотр информации на форме "Учителя".
2021-04-28 15:13:07 [Information] Пользователь 1 вышел из сети.
2021-04-28 15:13:16 [Information] Пользователь 1 вошел в сеть.
2021-04-28 15:13:16 [Information] Пользователь 1 начал просмотр информации на форме "Учащиеся".
2021-04-28 15:13:18 [Information] Пользователь 1 начал просмотр информации на форме "Учителя".
2021-04-28 15:13:25 [Information] Пользователь 1 вышел из сети.
2021-04-28 15:16:59 [Information] Пользователь 1 вошел в сеть.
2021-04-28 15:17:01 [Information] Пользователь 1 начал просмотр информации на форме "Учителя".
2021-04-28 15:17:11 [Information] Пользователь 1 создал таблицу "Заявка на курсы".
2021-04-28 15:17:54 [Information] Пользователь 1 вышел из сети.
2021-04-28 15:18:32 [Information] Пользователь 1 вошел в сеть.
2021-04-28 15:18:36 [Information] Пользователь 1 начал просмотр информации на форме "Учителя".
2021-04-28 15:19:05 [Information] Пользователь 1 вышел из сети.
2021-04-28 15:19:24 [Information] Пользователь 1 вошел в сеть.
2021-04-28 15:19:25 [Information] Пользователь 1 начал просмотр информации на форме "Учителя".
2021-04-28 15:19:30 [Information] Пользователь 1 отредактировал запись 8.Апывпыы Апавп Араарар .
2021-04-28 15:19:45 [Information] Пользователь 1 отредактировал запись 8.Апывпыы Апавп Араарар .
2021-04-28 15:19:48 [Information] Пользователь 1 удалил запись 8.Апывпыы Апавп Араарар
2021-04-28 15:19:50 [Information] Пользователь 1 вышел из сети.
2021-04-28 16:21:20 [Information] Пользователь 1 вошел в сеть.
2021-04-28 16:21:21 [Information] Пользователь 1 вышел из сети.
2021-04-28 18:20:28 [Information] Пользователь 1 вошел в сеть.
2021-04-28 18:20:28 [Information] Пользователь 1 начал просмотр информации на форме "Учащиеся".
2021-04-28 18:20:30 [Information] Пользователь 1 вышел из сети.
2021-04-28 18:20:52 [Information] Пользователь 1 вошел в сеть.
2021-04-28 18:20:53 [Information] Пользователь 1 начал просмотр информации на форме "Учащиеся".
2021-04-28 18:20:54 [Information] Пользователь 1 вышел из сети.
2021-04-28 18:22:50 [Information] Пользователь 1 вошел в сеть.
2021-04-28 18:22:51 [Information] Пользователь 1 начал просмотр информации на форме "Учащиеся".
2021-04-28 18:23:00 [Information] Пользователь 1 вышел из сети.
2021-04-28 18:24:47 [Information] Пользователь 1 вошел в сеть.
2021-04-28 18:24:49 [Information] Пользователь 1 начал просмотр информации на форме "Учащиеся".
2021-04-28 18:25:07 [Information] Пользователь 1 вышел из сети.
2021-04-28 18:28:24 [Information] Пользователь 1 вошел в сеть.
2021-04-28 18:28:26 [Information] Пользователь 1 начал просмотр информации на форме "Учащиеся".
2021-04-28 18:28:38 [Information] Пользователь 1 начал просмотр информации на форме "Учащиеся".
2021-04-28 18:28:44 [Information] Пользователь 1 вышел из сети.
2021-04-28 18:29:16 [Information] Пользователь 1 вошел в сеть.
2021-04-28 18:29:30 [Information] Пользователь 1 начал просмотр информации на форме "Учащиеся".
2021-04-28 18:29:44 [Information] Пользователь 1 отредактировал запись 1.Подлужный Станислав Олегович .
2021-04-28 18:29:49 [Information] Пользователь 1 вышел из сети.
